(electron) Sending uncompressed crash reports is deprecated and will be removed in a future version of Electron. Set { compress: true } to opt-in to the new behavior. Crash reports will be uploaded gzipped, which most crash reporting servers support.
[90m[main 2021-03-10T13:36:18.012Z][0m update#setState idle
bash: cannot set terminal process group (-1): Inappropriate ioctl for device
bash: no job control in this shell
(node:6161) electron: The default of contextIsolation is deprecated and will be changing from false to true in a future release of Electron.  See https://github.com/electron/electron/issues/23506 for more information
(node:6226) Electron: Loading non-context-aware native module in renderer: '/usr/share/code/resources/app/node_modules.asar.unpacked/vscode-sqlite3/build/Release/sqlite.node'. This is deprecated, see https://github.com/electron/electron/issues/18397.
(node:6226) Electron: Loading non-context-aware native module in renderer: '/usr/share/code/resources/app/node_modules.asar.unpacked/node-pty/build/Release/pty.node'. This is deprecated, see https://github.com/electron/electron/issues/18397.
(node:6226) Electron: Loading non-context-aware native module in renderer: '/usr/share/code/resources/app/node_modules.asar.unpacked/spdlog/build/Release/spdlog.node'. This is deprecated, see https://github.com/electron/electron/issues/18397.
(node:6161) electron: The default of contextIsolation is deprecated and will be changing from false to true in a future release of Electron.  See https://github.com/electron/electron/issues/23506 for more information
(node:6520) Electron: Loading non-context-aware native module in renderer: '/usr/share/code/resources/app/node_modules.asar.unpacked/spdlog/build/Release/spdlog.node'. This is deprecated, see https://github.com/electron/electron/issues/18397.
(node:6161) electron: The default of contextIsolation is deprecated and will be changing from false to true in a future release of Electron.  See https://github.com/electron/electron/issues/23506 for more information
(node:6779) Electron: Loading non-context-aware native module in renderer: '/usr/share/code/resources/app/node_modules.asar.unpacked/vscode-sqlite3/build/Release/sqlite.node'. This is deprecated, see https://github.com/electron/electron/issues/18397.
(node:6779) Electron: Loading non-context-aware native module in renderer: '/usr/share/code/resources/app/node_modules.asar.unpacked/node-pty/build/Release/pty.node'. This is deprecated, see https://github.com/electron/electron/issues/18397.
(node:6779) Electron: Loading non-context-aware native module in renderer: '/usr/share/code/resources/app/node_modules.asar.unpacked/spdlog/build/Release/spdlog.node'. This is deprecated, see https://github.com/electron/electron/issues/18397.
[90m[main 2021-03-10T13:36:48.015Z][0m update#setState checking for updates
[90m[main 2021-03-10T13:36:48.099Z][0m update#setState available for download
[90m[main 2021-03-10T13:36:51.020Z][0m update#setState idle
Opening in existing browser session.
[90m[main 2021-03-10T14:36:48.102Z][0m update#setState checking for updates
[90m[main 2021-03-10T14:36:48.454Z][0m update#setState available for download
